07-03-2022 07:43:43.799 [restartedMain] INFO  fdsa.edu.pnu.PnuApplication.logStarting - Starting PnuApplication using Java 16.0.2 on M638 with PID 29248 (C:\Users\gbijou\Desktop\pnu\pnufdsalast\target\classes started by gbijou in C:\Users\gbijou\Desktop\pnu\pnufdsalast)
07-03-2022 07:43:44.261 [restartedMain] INFO  fdsa.edu.pnu.PnuApplication.logStartupProfileInfo - No active profile set, falling back to default profiles: default
07-03-2022 07:43:44.327 [restartedMain] INFO  o.s.b.d.e.DevToolsPropertyDefaultsPostProcessor.logTo - Devtools property defaults active! Set 'spring.devtools.add-properties' to 'false' to disable
07-03-2022 07:43:44.328 [restartedMain] INFO  o.s.b.d.e.DevToolsPropertyDefaultsPostProcessor.logTo - For additional web related logging consider setting the 'logging.level.web' property to 'DEBUG'
07-03-2022 07:43:46.211 [restartedMain] INFO  o.s.d.r.c.RepositoryConfigurationDelegate.registerRepositoriesIn - Bootstrapping Spring Data JPA repositories in DEFAULT mode.
07-03-2022 07:43:46.567 [restartedMain] INFO  o.s.d.r.c.RepositoryConfigurationDelegate.registerRepositoriesIn - Finished Spring Data repository scanning in 344 ms. Found 39 JPA repository interfaces.
07-03-2022 07:43:47.071 [restartedMain] INFO  o.s.c.s.PostProcessorRegistrationDelegate$BeanPostProcessorChecker.postProcessAfterInitialization - Bean 'org.springframework.security.access.expression.method.DefaultMethodSecurityExpressionHandler@57610961' of type [org.springframework.security.access.expression.method.DefaultMethodSecurityExpressionHandler] is not eligible for getting processed by all BeanPostProcessors (for example: not eligible for auto-proxying)
07-03-2022 07:43:47.078 [restartedMain] INFO  o.s.c.s.PostProcessorRegistrationDelegate$BeanPostProcessorChecker.postProcessAfterInitialization - Bean 'methodSecurityMetadataSource' of type [org.springframework.security.access.method.DelegatingMethodSecurityMetadataSource] is not eligible for getting processed by all BeanPostProcessors (for example: not eligible for auto-proxying)
07-03-2022 07:43:47.648 [restartedMain] INFO  o.s.b.w.e.tomcat.TomcatWebServer.initialize - Tomcat initialized with port(s): 8080 (http)
07-03-2022 07:43:47.662 [restartedMain] INFO  o.a.catalina.core.StandardService.log - Starting service [Tomcat]
07-03-2022 07:43:47.662 [restartedMain] INFO  o.a.catalina.core.StandardEngine.log - Starting Servlet engine: [Apache Tomcat/9.0.53]
07-03-2022 07:43:47.796 [restartedMain] INFO  o.a.c.c.C.[Tomcat].[localhost].[/].log - Initializing Spring embedded WebApplicationContext
07-03-2022 07:43:47.797 [restartedMain] INFO  o.s.b.w.s.c.ServletWebServerApplicationContext.prepareWebApplicationContext - Root WebApplicationContext: initialization completed in 3468 ms
07-03-2022 07:43:48.205 [restartedMain] INFO  o.h.jpa.internal.util.LogHelper.logPersistenceUnitInformation - HHH000204: Processing PersistenceUnitInfo [name: default]
07-03-2022 07:43:48.282 [restartedMain] INFO  org.hibernate.Version.logVersion - HHH000412: Hibernate ORM core version 5.4.32.Final
07-03-2022 07:43:48.469 [restartedMain] INFO  o.h.annotations.common.Version.<clinit> - HCANN000001: Hibernate Commons Annotations {5.1.2.Final}
07-03-2022 07:43:48.611 [restartedMain] INFO  com.zaxxer.hikari.HikariDataSource.getConnection - HikariPool-1 - Starting...
07-03-2022 07:43:49.465 [restartedMain] INFO  com.zaxxer.hikari.HikariDataSource.getConnection - HikariPool-1 - Start completed.
07-03-2022 07:43:49.499 [restartedMain] INFO  org.hibernate.dialect.Dialect.<init> - HHH000400: Using dialect: org.hibernate.dialect.SQLServer2012Dialect
07-03-2022 07:43:52.302 [restartedMain] WARN  o.h.t.s.i.ExceptionHandlerLoggedImpl.handleException - GenerationTarget encountered exception accepting command : Error executing DDL "alter table cours_etudiant add constraint CoursEtudiant foreign key (etudiant_id) references etudiant (id)" via JDBC Statement
org.hibernate.tool.schema.spi.CommandAcceptanceException: Error executing DDL "alter table cours_etudiant add constraint CoursEtudiant foreign key (etudiant_id) references etudiant (id)" via JDBC Statement
	at org.hibernate.tool.schema.internal.exec.GenerationTargetToDatabase.accept(GenerationTargetToDatabase.java:67)
	at org.hibernate.tool.schema.internal.AbstractSchemaMigrator.applySqlString(AbstractSchemaMigrator.java:562)
	at org.hibernate.tool.schema.internal.AbstractSchemaMigrator.applySqlStrings(AbstractSchemaMigrator.java:507)
	at org.hibernate.tool.schema.internal.AbstractSchemaMigrator.applyForeignKeys(AbstractSchemaMigrator.java:433)
	at org.hibernate.tool.schema.internal.AbstractSchemaMigrator.performMigration(AbstractSchemaMigrator.java:249)
	at org.hibernate.tool.schema.internal.AbstractSchemaMigrator.doMigration(AbstractSchemaMigrator.java:114)
	at org.hibernate.tool.schema.spi.SchemaManagementToolCoordinator.performDatabaseAction(SchemaManagementToolCoordinator.java:184)
	at org.hibernate.tool.schema.spi.SchemaManagementToolCoordinator.process(SchemaManagementToolCoordinator.java:73)
	at org.hibernate.internal.SessionFactoryImpl.<init>(SessionFactoryImpl.java:318)
	at org.hibernate.boot.internal.SessionFactoryBuilderImpl.build(SessionFactoryBuilderImpl.java:468)
	at org.hibernate.jpa.boot.internal.EntityManagerFactoryBuilderImpl.build(EntityManagerFactoryBuilderImpl.java:1259)
	at org.springframework.orm.jpa.vendor.SpringHibernateJpaPersistenceProvider.createContainerEntityManagerFactory(SpringHibernateJpaPersistenceProvider.java:58)
	at org.springframework.orm.jpa.LocalContainerEntityManagerFactoryBean.createNativeEntityManagerFactory(LocalContainerEntityManagerFactoryBean.java:365)
	at org.springframework.orm.jpa.AbstractEntityManagerFactoryBean.buildNativeEntityManagerFactory(AbstractEntityManagerFactoryBean.java:409)
	at org.springframework.orm.jpa.AbstractEntityManagerFactoryBean.afterPropertiesSet(AbstractEntityManagerFactoryBean.java:396)
	at org.springframework.orm.jpa.LocalContainerEntityManagerFactoryBean.afterPropertiesSet(LocalContainerEntityManagerFactoryBean.java:341)
	at org.springframework.beans.factory.support.AbstractAutowireCapableBeanFactory.invokeInitMethods(AbstractAutowireCapableBeanFactory.java:1863)
	at org.springframework.beans.factory.support.AbstractAutowireCapableBeanFactory.initializeBean(AbstractAutowireCapableBeanFactory.java:1800)
	at org.springframework.beans.factory.support.AbstractAutowireCapableBeanFactory.doCreateBean(AbstractAutowireCapableBeanFactory.java:620)
	at org.springframework.beans.factory.support.AbstractAutowireCapableBeanFactory.createBean(AbstractAutowireCapableBeanFactory.java:542)
	at org.springframework.beans.factory.support.AbstractBeanFactory.lambda$doGetBean$0(AbstractBeanFactory.java:335)
	at org.springframework.beans.factory.support.DefaultSingletonBeanRegistry.getSingleton(DefaultSingletonBeanRegistry.java:234)
	at org.springframework.beans.factory.support.AbstractBeanFactory.doGetBean(AbstractBeanFactory.java:333)
	at org.springframework.beans.factory.support.AbstractBeanFactory.getBean(AbstractBeanFactory.java:208)
	at org.springframework.beans.factory.support.BeanDefinitionValueResolver.resolveReference(BeanDefinitionValueResolver.java:330)
	at org.springframework.beans.factory.support.BeanDefinitionValueResolver.resolveValueIfNecessary(BeanDefinitionValueResolver.java:113)
	at org.springframework.beans.factory.support.ConstructorResolver.resolveConstructorArguments(ConstructorResolver.java:693)
	at org.springframework.beans.factory.support.ConstructorResolver.instantiateUsingFactoryMethod(ConstructorResolver.java:510)
	at org.springframework.beans.factory.support.AbstractAutowireCapableBeanFactory.instantiateUsingFactoryMethod(AbstractAutowireCapableBeanFactory.java:1352)
	at org.springframework.beans.factory.support.AbstractAutowireCapableBeanFactory.createBeanInstance(AbstractAutowireCapableBeanFactory.java:1195)
	at org.springframework.beans.factory.support.AbstractAutowireCapableBeanFactory.doCreateBean(AbstractAutowireCapableBeanFactory.java:582)
	at org.springframework.beans.factory.support.AbstractAutowireCapableBeanFactory.createBean(AbstractAutowireCapableBeanFactory.java:542)
	at org.springframework.beans.factory.support.BeanDefinitionValueResolver.resolveInnerBean(BeanDefinitionValueResolver.java:374)
	at org.springframework.beans.factory.support.BeanDefinitionValueResolver.resolveValueIfNecessary(BeanDefinitionValueResolver.java:134)
	at org.springframework.beans.factory.support.AbstractAutowireCapableBeanFactory.applyPropertyValues(AbstractAutowireCapableBeanFactory.java:1707)
	at org.springframework.beans.factory.support.AbstractAutowireCapableBeanFactory.populateBean(AbstractAutowireCapableBeanFactory.java:1452)
	at org.springframework.beans.factory.support.AbstractAutowireCapableBeanFactory.doCreateBean(AbstractAutowireCapableBeanFactory.java:619)
	at org.springframework.beans.factory.support.AbstractAutowireCapableBeanFactory.createBean(AbstractAutowireCapableBeanFactory.java:542)
	at org.springframework.beans.factory.support.AbstractBeanFactory.lambda$doGetBean$0(AbstractBeanFactory.java:335)
	at org.springframework.beans.factory.support.DefaultSingletonBeanRegistry.getSingleton(DefaultSingletonBeanRegistry.java:234)
	at org.springframework.beans.factory.support.AbstractBeanFactory.doGetBean(AbstractBeanFactory.java:333)
	at org.springframework.beans.factory.support.AbstractBeanFactory.getBean(AbstractBeanFactory.java:208)
	at org.springframework.beans.factory.config.DependencyDescriptor.resolveCandidate(DependencyDescriptor.java:276)
	at org.springframework.beans.factory.support.DefaultListableBeanFactory.doResolveDependency(DefaultListableBeanFactory.java:1380)
	at org.springframework.beans.factory.support.DefaultListableBeanFactory.resolveDependency(DefaultListableBeanFactory.java:1300)
	at org.springframework.beans.factory.annotation.AutowiredAnnotationBeanPostProcessor$AutowiredFieldElement.resolveFieldValue(AutowiredAnnotationBeanPostProcessor.java:657)
	at org.springframework.beans.factory.annotation.AutowiredAnnotationBeanPostProcessor$AutowiredFieldElement.inject(AutowiredAnnotationBeanPostProcessor.java:640)
	at org.springframework.beans.factory.annotation.InjectionMetadata.inject(InjectionMetadata.java:119)
	at org.springframework.beans.factory.annotation.AutowiredAnnotationBeanPostProcessor.postProcessProperties(AutowiredAnnotationBeanPostProcessor.java:399)
	at org.springframework.beans.factory.support.AbstractAutowireCapableBeanFactory.populateBean(AbstractAutowireCapableBeanFactory.java:1431)
	at org.springframework.beans.factory.support.AbstractAutowireCapableBeanFactory.doCreateBean(AbstractAutowireCapableBeanFactory.java:619)
	at org.springframework.beans.factory.support.AbstractAutowireCapableBeanFactory.createBean(AbstractAutowireCapableBeanFactory.java:542)
	at org.springframework.beans.factory.support.AbstractBeanFactory.lambda$doGetBean$0(AbstractBeanFactory.java:335)
	at org.springframework.beans.factory.support.DefaultSingletonBeanRegistry.getSingleton(DefaultSingletonBeanRegistry.java:234)
	at org.springframework.beans.factory.support.AbstractBeanFactory.doGetBean(AbstractBeanFactory.java:333)
	at org.springframework.beans.factory.support.AbstractBeanFactory.getBean(AbstractBeanFactory.java:208)
	at org.springframework.beans.factory.config.DependencyDescriptor.resolveCandidate(DependencyDescriptor.java:276)
	at org.springframework.beans.factory.support.DefaultListableBeanFactory.doResolveDependency(DefaultListableBeanFactory.java:1380)
	at org.springframework.beans.factory.support.DefaultListableBeanFactory.resolveDependency(DefaultListableBeanFactory.java:1300)
	at org.springframework.beans.factory.annotation.AutowiredAnnotationBeanPostProcessor$AutowiredFieldElement.resolveFieldValue(AutowiredAnnotationBeanPostProcessor.java:657)
	at org.springframework.beans.factory.annotation.AutowiredAnnotationBeanPostProcessor$AutowiredFieldElement.inject(AutowiredAnnotationBeanPostProcessor.java:640)
	at org.springframework.beans.factory.annotation.InjectionMetadata.inject(InjectionMetadata.java:119)
	at org.springframework.beans.factory.annotation.AutowiredAnnotationBeanPostProcessor.postProcessProperties(AutowiredAnnotationBeanPostProcessor.java:399)
	at org.springframework.beans.factory.support.AbstractAutowireCapableBeanFactory.populateBean(AbstractAutowireCapableBeanFactory.java:1431)
	at org.springframework.beans.factory.support.AbstractAutowireCapableBeanFactory.doCreateBean(AbstractAutowireCapableBeanFactory.java:619)
	at org.springframework.beans.factory.support.AbstractAutowireCapableBeanFactory.createBean(AbstractAutowireCapableBeanFactory.java:542)
	at org.springframework.beans.factory.support.AbstractBeanFactory.lambda$doGetBean$0(AbstractBeanFactory.java:335)
	at org.springframework.beans.factory.support.DefaultSingletonBeanRegistry.getSingleton(DefaultSingletonBeanRegistry.java:234)
	at org.springframework.beans.factory.support.AbstractBeanFactory.doGetBean(AbstractBeanFactory.java:333)
	at org.springframework.beans.factory.support.AbstractBeanFactory.getBean(AbstractBeanFactory.java:213)
	at org.springframework.boot.web.servlet.ServletContextInitializerBeans.getOrderedBeansOfType(ServletContextInitializerBeans.java:212)
	at org.springframework.boot.web.servlet.ServletContextInitializerBeans.addAsRegistrationBean(ServletContextInitializerBeans.java:175)
	at org.springframework.boot.web.servlet.ServletContextInitializerBeans.addAsRegistrationBean(ServletContextInitializerBeans.java:170)
	at org.springframework.boot.web.servlet.ServletContextInitializerBeans.addAdaptableBeans(ServletContextInitializerBeans.java:155)
	at org.springframework.boot.web.servlet.ServletContextInitializerBeans.<init>(ServletContextInitializerBeans.java:87)
	at org.springframework.boot.web.servlet.context.ServletWebServerApplicationContext.getServletContextInitializerBeans(ServletWebServerApplicationContext.java:260)
	at org.springframework.boot.web.servlet.context.ServletWebServerApplicationContext.selfInitialize(ServletWebServerApplicationContext.java:234)
	at org.springframework.boot.web.embedded.tomcat.TomcatStarter.onStartup(TomcatStarter.java:53)
	at org.apache.catalina.core.StandardContext.startInternal(StandardContext.java:5219)
	at org.apache.catalina.util.LifecycleBase.start(LifecycleBase.java:183)
	at org.apache.catalina.core.ContainerBase$StartChild.call(ContainerBase.java:1396)
	at org.apache.catalina.core.ContainerBase$StartChild.call(ContainerBase.java:1386)
	at java.base/java.util.concurrent.FutureTask.run(FutureTask.java:264)
	at org.apache.tomcat.util.threads.InlineExecutorService.execute(InlineExecutorService.java:75)
	at java.base/java.util.concurrent.AbstractExecutorService.submit(AbstractExecutorService.java:145)
	at org.apache.catalina.core.ContainerBase.startInternal(ContainerBase.java:919)
	at org.apache.catalina.core.StandardHost.startInternal(StandardHost.java:835)
	at org.apache.catalina.util.LifecycleBase.start(LifecycleBase.java:183)
	at org.apache.catalina.core.ContainerBase$StartChild.call(ContainerBase.java:1396)
	at org.apache.catalina.core.ContainerBase$StartChild.call(ContainerBase.java:1386)
	at java.base/java.util.concurrent.FutureTask.run(FutureTask.java:264)
	at org.apache.tomcat.util.threads.InlineExecutorService.execute(InlineExecutorService.java:75)
	at java.base/java.util.concurrent.AbstractExecutorService.submit(AbstractExecutorService.java:145)
	at org.apache.catalina.core.ContainerBase.startInternal(ContainerBase.java:919)
	at org.apache.catalina.core.StandardEngine.startInternal(StandardEngine.java:263)
	at org.apache.catalina.util.LifecycleBase.start(LifecycleBase.java:183)
	at org.apache.catalina.core.StandardService.startInternal(StandardService.java:432)
	at org.apache.catalina.util.LifecycleBase.start(LifecycleBase.java:183)
	at org.apache.catalina.core.StandardServer.startInternal(StandardServer.java:927)
	at org.apache.catalina.util.LifecycleBase.start(LifecycleBase.java:183)
	at org.apache.catalina.startup.Tomcat.start(Tomcat.java:486)
	at org.springframework.boot.web.embedded.tomcat.TomcatWebServer.initialize(TomcatWebServer.java:123)
	at org.springframework.boot.web.embedded.tomcat.TomcatWebServer.<init>(TomcatWebServer.java:104)
	at org.springframework.boot.web.embedded.tomcat.TomcatServletWebServerFactory.getTomcatWebServer(TomcatServletWebServerFactory.java:450)
	at org.springframework.boot.web.embedded.tomcat.TomcatServletWebServerFactory.getWebServer(TomcatServletWebServerFactory.java:199)
	at org.springframework.boot.web.servlet.context.ServletWebServerApplicationContext.createWebServer(ServletWebServerApplicationContext.java:182)
	at org.springframework.boot.web.servlet.context.ServletWebServerApplicationContext.onRefresh(ServletWebServerApplicationContext.java:160)
	at org.springframework.context.support.AbstractApplicationContext.refresh(AbstractApplicationContext.java:577)
	at org.springframework.boot.web.servlet.context.ServletWebServerApplicationContext.refresh(ServletWebServerApplicationContext.java:145)
	at org.springframework.boot.SpringApplication.refresh(SpringApplication.java:754)
	at org.springframework.boot.SpringApplication.refreshContext(SpringApplication.java:434)
	at org.springframework.boot.SpringApplication.run(SpringApplication.java:338)
	at org.springframework.boot.SpringApplication.run(SpringApplication.java:1343)
	at org.springframework.boot.SpringApplication.run(SpringApplication.java:1332)
	at fdsa.edu.pnu.PnuApplication.main(PnuApplication.java:17)
	at java.base/jdk.internal.reflect.NativeMethodAccessorImpl.invoke0(Native Method)
	at java.base/jdk.internal.reflect.NativeMethodAccessorImpl.invoke(NativeMethodAccessorImpl.java:78)
	at java.base/jdk.internal.reflect.DelegatingMethodAccessorImpl.invoke(DelegatingMethodAccessorImpl.java:43)
	at java.base/java.lang.reflect.Method.invoke(Method.java:567)
	at org.springframework.boot.devtools.restart.RestartLauncher.run(RestartLauncher.java:49)
Caused by: com.microsoft.sqlserver.jdbc.SQLServerException: Foreign key 'CoursEtudiant' references invalid column 'id' in referenced table 'etudiant'.
	at com.microsoft.sqlserver.jdbc.SQLServerException.makeFromDatabaseError(SQLServerException.java:262)
	at com.microsoft.sqlserver.jdbc.SQLServerStatement.getNextResult(SQLServerStatement.java:1632)
	at com.microsoft.sqlserver.jdbc.SQLServerStatement.doExecuteStatement(SQLServerStatement.java:872)
	at com.microsoft.sqlserver.jdbc.SQLServerStatement$StmtExecCmd.doExecute(SQLServerStatement.java:767)
	at com.microsoft.sqlserver.jdbc.TDSCommand.execute(IOBuffer.java:7418)
	at com.microsoft.sqlserver.jdbc.SQLServerConnection.executeCommand(SQLServerConnection.java:3272)
	at com.microsoft.sqlserver.jdbc.SQLServerStatement.executeCommand(SQLServerStatement.java:247)
	at com.microsoft.sqlserver.jdbc.SQLServerStatement.executeStatement(SQLServerStatement.java:222)
	at com.microsoft.sqlserver.jdbc.SQLServerStatement.execute(SQLServerStatement.java:743)
	at com.zaxxer.hikari.pool.ProxyStatement.execute(ProxyStatement.java:94)
	at com.zaxxer.hikari.pool.HikariProxyStatement.execute(HikariProxyStatement.java)
	at org.hibernate.tool.schema.internal.exec.GenerationTargetToDatabase.accept(GenerationTargetToDatabase.java:54)
	... 119 common frames omitted
07-03-2022 07:43:59.129 [restartedMain] INFO  o.h.e.t.j.p.i.JtaPlatformInitiator.initiateService - HHH000490: Using JtaPlatform implementation: [org.hibernate.engine.transaction.jta.platform.internal.NoJtaPlatform]
07-03-2022 07:43:59.140 [restartedMain] INFO  o.s.o.j.LocalContainerEntityManagerFactoryBean.buildNativeEntityManagerFactory - Initialized JPA EntityManagerFactory for persistence unit 'default'
07-03-2022 07:43:59.699 [restartedMain] WARN  o.s.b.a.o.j.JpaBaseConfiguration$JpaWebConfiguration.openEntityManagerInViewInterceptor - spring.jpa.open-in-view is enabled by default. Therefore, database queries may be performed during view rendering. Explicitly configure spring.jpa.open-in-view to disable this warning
07-03-2022 07:44:01.268 [restartedMain] INFO  s.d.s.w.PropertySourcedRequestMappingHandlerMapping.initHandlerMethods - Mapped URL path [/v2/api-docs] onto method [springfox.documentation.swagger2.web.Swagger2Controller#getDocumentation(String, HttpServletRequest)]
07-03-2022 07:44:01.510 [restartedMain] INFO  o.s.s.web.DefaultSecurityFilterChain.<init> - Will secure any request with [org.springframework.security.web.context.request.async.WebAsyncManagerIntegrationFilter@a1c70b5, org.springframework.security.web.context.SecurityContextPersistenceFilter@30e39939, org.springframework.security.web.header.HeaderWriterFilter@44801977, org.springframework.web.filter.CorsFilter@159e7725, org.springframework.security.web.authentication.logout.LogoutFilter@679d77c9, fdsa.edu.pnu.Security.JwtRequestFilter@33b5a41a, org.springframework.security.web.savedrequest.RequestCacheAwareFilter@494bd981, org.springframework.security.web.servletapi.SecurityContextHolderAwareRequestFilter@338a482e, org.springframework.security.web.authentication.AnonymousAuthenticationFilter@7c9ba7f0, org.springframework.security.web.session.SessionManagementFilter@95bcb27, org.springframework.security.web.access.ExceptionTranslationFilter@6f11f68b, org.springframework.security.web.access.intercept.FilterSecurityInterceptor@2fd4acdc]
07-03-2022 07:44:01.612 [restartedMain] INFO  o.s.b.d.a.OptionalLiveReloadServer.startServer - LiveReload server is running on port 35729
07-03-2022 07:44:01.839 [restartedMain] INFO  o.s.b.w.e.tomcat.TomcatWebServer.start - Tomcat started on port(s): 8080 (http) with context path ''
07-03-2022 07:44:01.840 [restartedMain] INFO  s.d.s.w.p.DocumentationPluginsBootstrapper.start - Context refreshed
07-03-2022 07:44:01.864 [restartedMain] INFO  s.d.s.w.p.DocumentationPluginsBootstrapper.start - Found 1 custom documentation plugin(s)
07-03-2022 07:44:01.900 [restartedMain] INFO  s.d.s.w.s.ApiListingReferenceScanner.scan - Scanning for api listing references
07-03-2022 07:44:02.294 [restartedMain] INFO  s.d.s.w.r.o.CachingOperationNameGenerator.startingWith - Generating unique operation named: deleteUsingDELETE_1
07-03-2022 07:44:02.304 [restartedMain] INFO  s.d.s.w.r.o.CachingOperationNameGenerator.startingWith - Generating unique operation named: findAllUsingGET_1
07-03-2022 07:44:02.330 [restartedMain] INFO  s.d.s.w.r.o.CachingOperationNameGenerator.startingWith - Generating unique operation named: findByIdUsingGET_1
07-03-2022 07:44:02.399 [restartedMain] INFO  s.d.s.w.r.o.CachingOperationNameGenerator.startingWith - Generating unique operation named: saveUsingPOST_1
07-03-2022 07:44:02.405 [restartedMain] INFO  s.d.s.w.r.o.CachingOperationNameGenerator.startingWith - Generating unique operation named: updateUsingPUT_1
07-03-2022 07:44:02.410 [restartedMain] INFO  s.d.s.w.r.o.CachingOperationNameGenerator.startingWith - Generating unique operation named: deleteUsingDELETE_2
07-03-2022 07:44:02.420 [restartedMain] INFO  s.d.s.w.r.o.CachingOperationNameGenerator.startingWith - Generating unique operation named: findAllUsingGET_2
07-03-2022 07:44:02.439 [restartedMain] INFO  s.d.s.w.r.o.CachingOperationNameGenerator.startingWith - Generating unique operation named: findByIdUsingGET_2
07-03-2022 07:44:02.448 [restartedMain] INFO  s.d.s.w.r.o.CachingOperationNameGenerator.startingWith - Generating unique operation named: saveUsingPOST_2
07-03-2022 07:44:02.454 [restartedMain] INFO  s.d.s.w.r.o.CachingOperationNameGenerator.startingWith - Generating unique operation named: updateUsingPUT_2
07-03-2022 07:44:02.458 [restartedMain] INFO  s.d.s.w.r.o.CachingOperationNameGenerator.startingWith - Generating unique operation named: deleteUsingDELETE_3
07-03-2022 07:44:02.468 [restartedMain] INFO  s.d.s.w.r.o.CachingOperationNameGenerator.startingWith - Generating unique operation named: findAllUsingGET_3
07-03-2022 07:44:02.478 [restartedMain] INFO  s.d.s.w.r.o.CachingOperationNameGenerator.startingWith - Generating unique operation named: findByIdUsingGET_3
07-03-2022 07:44:02.487 [restartedMain] INFO  s.d.s.w.r.o.CachingOperationNameGenerator.startingWith - Generating unique operation named: saveUsingPOST_3
07-03-2022 07:44:02.493 [restartedMain] INFO  s.d.s.w.r.o.CachingOperationNameGenerator.startingWith - Generating unique operation named: updateUsingPUT_3
07-03-2022 07:44:02.500 [restartedMain] INFO  s.d.s.w.r.o.CachingOperationNameGenerator.startingWith - Generating unique operation named: deleteEmployeeUsingDELETE_1
07-03-2022 07:44:02.516 [restartedMain] INFO  s.d.s.w.r.o.CachingOperationNameGenerator.startingWith - Generating unique operation named: deleteEmployeeUsingDELETE_2
07-03-2022 07:44:02.547 [restartedMain] INFO  s.d.s.w.r.o.CachingOperationNameGenerator.startingWith - Generating unique operation named: deleteEmployeeUsingDELETE_3
07-03-2022 07:44:02.569 [restartedMain] INFO  s.d.s.w.r.o.CachingOperationNameGenerator.startingWith - Generating unique operation named: deleteUsingDELETE_4
07-03-2022 07:44:02.579 [restartedMain] INFO  s.d.s.w.r.o.CachingOperationNameGenerator.startingWith - Generating unique operation named: findAllUsingGET_4
07-03-2022 07:44:02.597 [restartedMain] INFO  s.d.s.w.r.o.CachingOperationNameGenerator.startingWith - Generating unique operation named: findByIdUsingGET_4
07-03-2022 07:44:02.612 [restartedMain] INFO  s.d.s.w.r.o.CachingOperationNameGenerator.startingWith - Generating unique operation named: saveUsingPOST_4
07-03-2022 07:44:02.617 [restartedMain] INFO  s.d.s.w.r.o.CachingOperationNameGenerator.startingWith - Generating unique operation named: updateUsingPUT_4
07-03-2022 07:44:02.622 [restartedMain] INFO  s.d.s.w.r.o.CachingOperationNameGenerator.startingWith - Generating unique operation named: deleteUsingDELETE_5
07-03-2022 07:44:02.634 [restartedMain] INFO  s.d.s.w.r.o.CachingOperationNameGenerator.startingWith - Generating unique operation named: findAllUsingGET_5
07-03-2022 07:44:02.657 [restartedMain] INFO  s.d.s.w.r.o.CachingOperationNameGenerator.startingWith - Generating unique operation named: findByIdUsingGET_5
07-03-2022 07:44:02.667 [restartedMain] INFO  s.d.s.w.r.o.CachingOperationNameGenerator.startingWith - Generating unique operation named: saveUsingPOST_5
07-03-2022 07:44:02.672 [restartedMain] INFO  s.d.s.w.r.o.CachingOperationNameGenerator.startingWith - Generating unique operation named: updateUsingPUT_5
07-03-2022 07:44:02.685 [restartedMain] INFO  s.d.s.w.r.o.CachingOperationNameGenerator.startingWith - Generating unique operation named: deleteEmployeeUsingDELETE_4
07-03-2022 07:44:02.700 [restartedMain] INFO  s.d.s.w.r.o.CachingOperationNameGenerator.startingWith - Generating unique operation named: deleteEmployeeUsingDELETE_5
07-03-2022 07:44:02.714 [restartedMain] INFO  s.d.s.w.r.o.CachingOperationNameGenerator.startingWith - Generating unique operation named: deleteUsingDELETE_6
07-03-2022 07:44:02.725 [restartedMain] INFO  s.d.s.w.r.o.CachingOperationNameGenerator.startingWith - Generating unique operation named: findAllUsingGET_6
07-03-2022 07:44:02.738 [restartedMain] INFO  s.d.s.w.r.o.CachingOperationNameGenerator.startingWith - Generating unique operation named: findByIdUsingGET_6
07-03-2022 07:44:02.763 [restartedMain] INFO  s.d.s.w.r.o.CachingOperationNameGenerator.startingWith - Generating unique operation named: saveUsingPOST_6
07-03-2022 07:44:02.768 [restartedMain] INFO  s.d.s.w.r.o.CachingOperationNameGenerator.startingWith - Generating unique operation named: deleteUsingDELETE_7
07-03-2022 07:44:02.779 [restartedMain] INFO  s.d.s.w.r.o.CachingOperationNameGenerator.startingWith - Generating unique operation named: findAllUsingGET_7
07-03-2022 07:44:02.792 [restartedMain] INFO  s.d.s.w.r.o.CachingOperationNameGenerator.startingWith - Generating unique operation named: findByIdUsingGET_7
07-03-2022 07:44:02.818 [restartedMain] INFO  s.d.s.w.r.o.CachingOperationNameGenerator.startingWith - Generating unique operation named: saveUsingPOST_7
07-03-2022 07:44:02.822 [restartedMain] INFO  s.d.s.w.r.o.CachingOperationNameGenerator.startingWith - Generating unique operation named: updateUsingPUT_6
07-03-2022 07:44:02.826 [restartedMain] INFO  s.d.s.w.r.o.CachingOperationNameGenerator.startingWith - Generating unique operation named: deleteUsingDELETE_8
07-03-2022 07:44:02.835 [restartedMain] INFO  s.d.s.w.r.o.CachingOperationNameGenerator.startingWith - Generating unique operation named: findAllUsingGET_8
07-03-2022 07:44:02.855 [restartedMain] INFO  s.d.s.w.r.o.CachingOperationNameGenerator.startingWith - Generating unique operation named: findByIdUsingGET_8
07-03-2022 07:44:02.871 [restartedMain] INFO  s.d.s.w.r.o.CachingOperationNameGenerator.startingWith - Generating unique operation named: saveUsingPOST_8
07-03-2022 07:44:02.887 [restartedMain] INFO  s.d.s.w.r.o.CachingOperationNameGenerator.startingWith - Generating unique operation named: updateUsingPUT_7
07-03-2022 07:44:02.935 [restartedMain] INFO  s.d.s.w.r.o.CachingOperationNameGenerator.startingWith - Generating unique operation named: deleteUsingDELETE_9
07-03-2022 07:44:02.948 [restartedMain] INFO  s.d.s.w.r.o.CachingOperationNameGenerator.startingWith - Generating unique operation named: findAllUsingGET_9
07-03-2022 07:44:02.970 [restartedMain] INFO  s.d.s.w.r.o.CachingOperationNameGenerator.startingWith - Generating unique operation named: findByIdUsingGET_9
07-03-2022 07:44:03.047 [restartedMain] INFO  s.d.s.w.r.o.CachingOperationNameGenerator.startingWith - Generating unique operation named: saveUsingPOST_9
07-03-2022 07:44:03.126 [restartedMain] INFO  s.d.s.w.r.o.CachingOperationNameGenerator.startingWith - Generating unique operation named: deleteEmployeeUsingDELETE_6
07-03-2022 07:44:03.149 [restartedMain] INFO  s.d.s.w.r.o.CachingOperationNameGenerator.startingWith - Generating unique operation named: deleteUsingDELETE_10
07-03-2022 07:44:03.151 [restartedMain] INFO  s.d.s.w.r.o.CachingOperationNameGenerator.startingWith - Generating unique operation named: findAllUsingGET_10
07-03-2022 07:44:03.155 [restartedMain] INFO  s.d.s.w.r.o.CachingOperationNameGenerator.startingWith - Generating unique operation named: findByIdUsingGET_10
07-03-2022 07:44:03.158 [restartedMain] INFO  s.d.s.w.r.o.CachingOperationNameGenerator.startingWith - Generating unique operation named: saveUsingPOST_10
07-03-2022 07:44:03.167 [restartedMain] INFO  s.d.s.w.r.o.CachingOperationNameGenerator.startingWith - Generating unique operation named: deleteUsingDELETE_11
07-03-2022 07:44:03.173 [restartedMain] INFO  s.d.s.w.r.o.CachingOperationNameGenerator.startingWith - Generating unique operation named: findAllUsingGET_11
07-03-2022 07:44:03.190 [restartedMain] INFO  s.d.s.w.r.o.CachingOperationNameGenerator.startingWith - Generating unique operation named: findByIdUsingGET_11
07-03-2022 07:44:03.203 [restartedMain] INFO  s.d.s.w.r.o.CachingOperationNameGenerator.startingWith - Generating unique operation named: saveUsingPOST_11
07-03-2022 07:44:03.205 [restartedMain] INFO  s.d.s.w.r.o.CachingOperationNameGenerator.startingWith - Generating unique operation named: deleteUsingDELETE_12
07-03-2022 07:44:03.211 [restartedMain] INFO  s.d.s.w.r.o.CachingOperationNameGenerator.startingWith - Generating unique operation named: findAllUsingGET_12
07-03-2022 07:44:03.215 [restartedMain] INFO  s.d.s.w.r.o.CachingOperationNameGenerator.startingWith - Generating unique operation named: findByIdUsingGET_12
07-03-2022 07:44:03.220 [restartedMain] INFO  s.d.s.w.r.o.CachingOperationNameGenerator.startingWith - Generating unique operation named: saveUsingPOST_12
07-03-2022 07:44:03.223 [restartedMain] INFO  s.d.s.w.r.o.CachingOperationNameGenerator.startingWith - Generating unique operation named: deleteUsingDELETE_13
07-03-2022 07:44:03.235 [restartedMain] INFO  s.d.s.w.r.o.CachingOperationNameGenerator.startingWith - Generating unique operation named: findAllUsingGET_13
07-03-2022 07:44:03.247 [restartedMain] INFO  s.d.s.w.r.o.CachingOperationNameGenerator.startingWith - Generating unique operation named: findByIdUsingGET_13
07-03-2022 07:44:03.295 [restartedMain] INFO  s.d.s.w.r.o.CachingOperationNameGenerator.startingWith - Generating unique operation named: saveUsingPOST_13
07-03-2022 07:44:03.298 [restartedMain] INFO  s.d.s.w.r.o.CachingOperationNameGenerator.startingWith - Generating unique operation named: deleteUsingDELETE_14
07-03-2022 07:44:03.301 [restartedMain] INFO  s.d.s.w.r.o.CachingOperationNameGenerator.startingWith - Generating unique operation named: findAllUsingGET_14
07-03-2022 07:44:03.318 [restartedMain] INFO  s.d.s.w.r.o.CachingOperationNameGenerator.startingWith - Generating unique operation named: findByIdUsingGET_14
07-03-2022 07:44:03.373 [restartedMain] INFO  s.d.s.w.r.o.CachingOperationNameGenerator.startingWith - Generating unique operation named: saveUsingPOST_14
07-03-2022 07:44:03.376 [restartedMain] INFO  s.d.s.w.r.o.CachingOperationNameGenerator.startingWith - Generating unique operation named: deleteUsingDELETE_15
07-03-2022 07:44:03.385 [restartedMain] INFO  s.d.s.w.r.o.CachingOperationNameGenerator.startingWith - Generating unique operation named: findAllUsingGET_15
07-03-2022 07:44:03.393 [restartedMain] INFO  s.d.s.w.r.o.CachingOperationNameGenerator.startingWith - Generating unique operation named: findByIdUsingGET_15
07-03-2022 07:44:03.404 [restartedMain] INFO  s.d.s.w.r.o.CachingOperationNameGenerator.startingWith - Generating unique operation named: saveUsingPOST_15
07-03-2022 07:44:03.406 [restartedMain] INFO  s.d.s.w.r.o.CachingOperationNameGenerator.startingWith - Generating unique operation named: deleteUsingDELETE_16
07-03-2022 07:44:03.415 [restartedMain] INFO  s.d.s.w.r.o.CachingOperationNameGenerator.startingWith - Generating unique operation named: findAllUsingGET_16
07-03-2022 07:44:03.424 [restartedMain] INFO  s.d.s.w.r.o.CachingOperationNameGenerator.startingWith - Generating unique operation named: findByIdUsingGET_16
07-03-2022 07:44:03.433 [restartedMain] INFO  s.d.s.w.r.o.CachingOperationNameGenerator.startingWith - Generating unique operation named: saveUsingPOST_16
07-03-2022 07:44:03.437 [restartedMain] INFO  s.d.s.w.r.o.CachingOperationNameGenerator.startingWith - Generating unique operation named: updateUsingPUT_8
07-03-2022 07:44:03.516 [restartedMain] INFO  s.d.s.w.r.o.CachingOperationNameGenerator.startingWith - Generating unique operation named: deleteUsingDELETE_17
07-03-2022 07:44:03.517 [restartedMain] INFO  s.d.s.w.r.o.CachingOperationNameGenerator.startingWith - Generating unique operation named: findAllUsingGET_17
07-03-2022 07:44:03.521 [restartedMain] INFO  s.d.s.w.r.o.CachingOperationNameGenerator.startingWith - Generating unique operation named: findByIdUsingGET_17
07-03-2022 07:44:03.523 [restartedMain] INFO  s.d.s.w.r.o.CachingOperationNameGenerator.startingWith - Generating unique operation named: saveUsingPOST_17
07-03-2022 07:44:03.526 [restartedMain] INFO  s.d.s.w.r.o.CachingOperationNameGenerator.startingWith - Generating unique operation named: updateUsingPUT_9
07-03-2022 07:44:03.529 [restartedMain] INFO  s.d.s.w.r.o.CachingOperationNameGenerator.startingWith - Generating unique operation named: deleteUsingDELETE_18
07-03-2022 07:44:03.536 [restartedMain] INFO  s.d.s.w.r.o.CachingOperationNameGenerator.startingWith - Generating unique operation named: findAllUsingGET_18
07-03-2022 07:44:03.544 [restartedMain] INFO  s.d.s.w.r.o.CachingOperationNameGenerator.startingWith - Generating unique operation named: findByIdUsingGET_18
07-03-2022 07:44:03.551 [restartedMain] INFO  s.d.s.w.r.o.CachingOperationNameGenerator.startingWith - Generating unique operation named: saveUsingPOST_18
07-03-2022 07:44:03.554 [restartedMain] INFO  s.d.s.w.r.o.CachingOperationNameGenerator.startingWith - Generating unique operation named: updateUsingPUT_10
07-03-2022 07:44:03.556 [restartedMain] INFO  s.d.s.w.r.o.CachingOperationNameGenerator.startingWith - Generating unique operation named: deleteUsingDELETE_19
07-03-2022 07:44:03.562 [restartedMain] INFO  s.d.s.w.r.o.CachingOperationNameGenerator.startingWith - Generating unique operation named: findAllUsingGET_19
07-03-2022 07:44:03.568 [restartedMain] INFO  s.d.s.w.r.o.CachingOperationNameGenerator.startingWith - Generating unique operation named: findByIdUsingGET_19
07-03-2022 07:44:03.575 [restartedMain] INFO  s.d.s.w.r.o.CachingOperationNameGenerator.startingWith - Generating unique operation named: saveUsingPOST_19
07-03-2022 07:44:03.578 [restartedMain] INFO  s.d.s.w.r.o.CachingOperationNameGenerator.startingWith - Generating unique operation named: updateUsingPUT_11
07-03-2022 07:44:03.581 [restartedMain] INFO  s.d.s.w.r.o.CachingOperationNameGenerator.startingWith - Generating unique operation named: deleteUsingDELETE_20
07-03-2022 07:44:03.583 [restartedMain] INFO  s.d.s.w.r.o.CachingOperationNameGenerator.startingWith - Generating unique operation named: findAllUsingGET_20
07-03-2022 07:44:03.586 [restartedMain] INFO  s.d.s.w.r.o.CachingOperationNameGenerator.startingWith - Generating unique operation named: findByIdUsingGET_20
07-03-2022 07:44:03.589 [restartedMain] INFO  s.d.s.w.r.o.CachingOperationNameGenerator.startingWith - Generating unique operation named: saveUsingPOST_20
07-03-2022 07:44:03.592 [restartedMain] INFO  s.d.s.w.r.o.CachingOperationNameGenerator.startingWith - Generating unique operation named: updateUsingPUT_12
07-03-2022 07:44:03.638 [restartedMain] INFO  s.d.s.w.r.o.CachingOperationNameGenerator.startingWith - Generating unique operation named: findAllUsingGET_21
07-03-2022 07:44:03.645 [restartedMain] INFO  s.d.s.w.r.o.CachingOperationNameGenerator.startingWith - Generating unique operation named: findByIdUsingGET_21
07-03-2022 07:44:03.649 [restartedMain] INFO  s.d.s.w.r.o.CachingOperationNameGenerator.startingWith - Generating unique operation named: saveUsingPOST_21
07-03-2022 07:44:03.651 [restartedMain] INFO  s.d.s.w.r.o.CachingOperationNameGenerator.startingWith - Generating unique operation named: updateUsingPUT_13
07-03-2022 07:44:03.675 [restartedMain] INFO  fdsa.edu.pnu.PnuApplication.logStarted - Started PnuApplication in 20.509 seconds (JVM running for 21.236)
07-03-2022 07:46:08.743 [SpringApplicationShutdownHook] INFO  o.s.o.j.LocalContainerEntityManagerFactoryBean.destroy - Closing JPA EntityManagerFactory for persistence unit 'default'
07-03-2022 07:46:08.753 [SpringApplicationShutdownHook] INFO  com.zaxxer.hikari.HikariDataSource.close - HikariPool-1 - Shutdown initiated...
07-03-2022 07:46:08.763 [SpringApplicationShutdownHook] INFO  com.zaxxer.hikari.HikariDataSource.close - HikariPool-1 - Shutdown completed.
07-03-2022 07:46:17.066 [restartedMain] INFO  fdsa.edu.pnu.PnuApplication.logStarting - Starting PnuApplication using Java 16.0.2 on M638 with PID 2956 (C:\Users\gbijou\Desktop\pnu\pnufdsalast\target\classes started by gbijou in C:\Users\gbijou\Desktop\pnu\pnufdsalast)
07-03-2022 07:46:17.071 [restartedMain] INFO  fdsa.edu.pnu.PnuApplication.logStartupProfileInfo - No active profile set, falling back to default profiles: default
07-03-2022 07:46:17.161 [restartedMain] INFO  o.s.b.d.e.DevToolsPropertyDefaultsPostProcessor.logTo - Devtools property defaults active! Set 'spring.devtools.add-properties' to 'false' to disable
07-03-2022 07:46:17.161 [restartedMain] INFO  o.s.b.d.e.DevToolsPropertyDefaultsPostProcessor.logTo - For additional web related logging consider setting the 'logging.level.web' property to 'DEBUG'
07-03-2022 07:46:18.802 [restartedMain] INFO  o.s.d.r.c.RepositoryConfigurationDelegate.registerRepositoriesIn - Bootstrapping Spring Data JPA repositories in DEFAULT mode.
07-03-2022 07:46:19.123 [restartedMain] INFO  o.s.d.r.c.RepositoryConfigurationDelegate.registerRepositoriesIn - Finished Spring Data repository scanning in 307 ms. Found 39 JPA repository interfaces.
07-03-2022 07:46:19.627 [restartedMain] INFO  o.s.c.s.PostProcessorRegistrationDelegate$BeanPostProcessorChecker.postProcessAfterInitialization - Bean 'org.springframework.security.access.expression.method.DefaultMethodSecurityExpressionHandler@825be77' of type [org.springframework.security.access.expression.method.DefaultMethodSecurityExpressionHandler] is not eligible for getting processed by all BeanPostProcessors (for example: not eligible for auto-proxying)
07-03-2022 07:46:19.632 [restartedMain] INFO  o.s.c.s.PostProcessorRegistrationDelegate$BeanPostProcessorChecker.postProcessAfterInitialization - Bean 'methodSecurityMetadataSource' of type [org.springframework.security.access.method.DelegatingMethodSecurityMetadataSource] is not eligible for getting processed by all BeanPostProcessors (for example: not eligible for auto-proxying)
07-03-2022 07:46:20.166 [restartedMain] INFO  o.s.b.w.e.tomcat.TomcatWebServer.initialize - Tomcat initialized with port(s): 8080 (http)
07-03-2022 07:46:20.183 [restartedMain] INFO  o.a.catalina.core.StandardService.log - Starting service [Tomcat]
07-03-2022 07:46:20.184 [restartedMain] INFO  o.a.catalina.core.StandardEngine.log - Starting Servlet engine: [Apache Tomcat/9.0.53]
07-03-2022 07:46:20.317 [restartedMain] INFO  o.a.c.c.C.[Tomcat].[localhost].[/].log - Initializing Spring embedded WebApplicationContext
07-03-2022 07:46:20.318 [restartedMain] INFO  o.s.b.w.s.c.ServletWebServerApplicationContext.prepareWebApplicationContext - Root WebApplicationContext: initialization completed in 3156 ms
07-03-2022 07:46:20.682 [restartedMain] INFO  o.h.jpa.internal.util.LogHelper.logPersistenceUnitInformation - HHH000204: Processing PersistenceUnitInfo [name: default]
07-03-2022 07:46:20.779 [restartedMain] INFO  org.hibernate.Version.logVersion - HHH000412: Hibernate ORM core version 5.4.32.Final
07-03-2022 07:46:20.975 [restartedMain] INFO  o.h.annotations.common.Version.<clinit> - HCANN000001: Hibernate Commons Annotations {5.1.2.Final}
07-03-2022 07:46:21.108 [restartedMain] INFO  com.zaxxer.hikari.HikariDataSource.getConnection - HikariPool-1 - Starting...
07-03-2022 07:46:21.890 [restartedMain] INFO  com.zaxxer.hikari.HikariDataSource.getConnection - HikariPool-1 - Start completed.
07-03-2022 07:46:21.927 [restartedMain] INFO  org.hibernate.dialect.Dialect.<init> - HHH000400: Using dialect: org.hibernate.dialect.SQLServer2012Dialect
07-03-2022 07:46:31.580 [restartedMain] INFO  o.h.e.t.j.p.i.JtaPlatformInitiator.initiateService - HHH000490: Using JtaPlatform implementation: [org.hibernate.engine.transaction.jta.platform.internal.NoJtaPlatform]
07-03-2022 07:46:31.589 [restartedMain] INFO  o.s.o.j.LocalContainerEntityManagerFactoryBean.buildNativeEntityManagerFactory - Initialized JPA EntityManagerFactory for persistence unit 'default'
07-03-2022 07:46:32.100 [restartedMain] WARN  o.s.b.a.o.j.JpaBaseConfiguration$JpaWebConfiguration.openEntityManagerInViewInterceptor - spring.jpa.open-in-view is enabled by default. Therefore, database queries may be performed during view rendering. Explicitly configure spring.jpa.open-in-view to disable this warning
07-03-2022 07:46:33.536 [restartedMain] INFO  s.d.s.w.PropertySourcedRequestMappingHandlerMapping.initHandlerMethods - Mapped URL path [/v2/api-docs] onto method [springfox.documentation.swagger2.web.Swagger2Controller#getDocumentation(String, HttpServletRequest)]
07-03-2022 07:46:33.751 [restartedMain] INFO  o.s.s.web.DefaultSecurityFilterChain.<init> - Will secure any request with [org.springframework.security.web.context.request.async.WebAsyncManagerIntegrationFilter@7ae87f55, org.springframework.security.web.context.SecurityContextPersistenceFilter@60c5b03f, org.springframework.security.web.header.HeaderWriterFilter@27a8b344, org.springframework.web.filter.CorsFilter@790323fb, org.springframework.security.web.authentication.logout.LogoutFilter@2f601aac, fdsa.edu.pnu.Security.JwtRequestFilter@5e975bd7, org.springframework.security.web.savedrequest.RequestCacheAwareFilter@79af837d, org.springframework.security.web.servletapi.SecurityContextHolderAwareRequestFilter@19210222, org.springframework.security.web.authentication.AnonymousAuthenticationFilter@712eccfa, org.springframework.security.web.session.SessionManagementFilter@579f4138, org.springframework.security.web.access.ExceptionTranslationFilter@637d990b, org.springframework.security.web.access.intercept.FilterSecurityInterceptor@4c57dda2]
07-03-2022 07:46:33.859 [restartedMain] INFO  o.s.b.d.a.OptionalLiveReloadServer.startServer - LiveReload server is running on port 35729
07-03-2022 07:46:34.079 [restartedMain] INFO  o.s.b.w.e.tomcat.TomcatWebServer.start - Tomcat started on port(s): 8080 (http) with context path ''
07-03-2022 07:46:34.080 [restartedMain] INFO  s.d.s.w.p.DocumentationPluginsBootstrapper.start - Context refreshed
07-03-2022 07:46:34.099 [restartedMain] INFO  s.d.s.w.p.DocumentationPluginsBootstrapper.start - Found 1 custom documentation plugin(s)
07-03-2022 07:46:34.136 [restartedMain] INFO  s.d.s.w.s.ApiListingReferenceScanner.scan - Scanning for api listing references
07-03-2022 07:46:34.547 [restartedMain] INFO  s.d.s.w.r.o.CachingOperationNameGenerator.startingWith - Generating unique operation named: deleteUsingDELETE_1
07-03-2022 07:46:34.558 [restartedMain] INFO  s.d.s.w.r.o.CachingOperationNameGenerator.startingWith - Generating unique operation named: findAllUsingGET_1
07-03-2022 07:46:34.588 [restartedMain] INFO  s.d.s.w.r.o.CachingOperationNameGenerator.startingWith - Generating unique operation named: findByIdUsingGET_1
07-03-2022 07:46:34.663 [restartedMain] INFO  s.d.s.w.r.o.CachingOperationNameGenerator.startingWith - Generating unique operation named: saveUsingPOST_1
07-03-2022 07:46:34.671 [restartedMain] INFO  s.d.s.w.r.o.CachingOperationNameGenerator.startingWith - Generating unique operation named: updateUsingPUT_1
07-03-2022 07:46:34.677 [restartedMain] INFO  s.d.s.w.r.o.CachingOperationNameGenerator.startingWith - Generating unique operation named: deleteUsingDELETE_2
07-03-2022 07:46:34.688 [restartedMain] INFO  s.d.s.w.r.o.CachingOperationNameGenerator.startingWith - Generating unique operation named: findAllUsingGET_2
07-03-2022 07:46:34.709 [restartedMain] INFO  s.d.s.w.r.o.CachingOperationNameGenerator.startingWith - Generating unique operation named: findByIdUsingGET_2
07-03-2022 07:46:34.722 [restartedMain] INFO  s.d.s.w.r.o.CachingOperationNameGenerator.startingWith - Generating unique operation named: saveUsingPOST_2
07-03-2022 07:46:34.728 [restartedMain] INFO  s.d.s.w.r.o.CachingOperationNameGenerator.startingWith - Generating unique operation named: updateUsingPUT_2
07-03-2022 07:46:34.737 [restartedMain] INFO  s.d.s.w.r.o.CachingOperationNameGenerator.startingWith - Generating unique operation named: deleteUsingDELETE_3
07-03-2022 07:46:34.749 [restartedMain] INFO  s.d.s.w.r.o.CachingOperationNameGenerator.startingWith - Generating unique operation named: findAllUsingGET_3
07-03-2022 07:46:34.763 [restartedMain] INFO  s.d.s.w.r.o.CachingOperationNameGenerator.startingWith - Generating unique operation named: findByIdUsingGET_3
07-03-2022 07:46:34.776 [restartedMain] INFO  s.d.s.w.r.o.CachingOperationNameGenerator.startingWith - Generating unique operation named: saveUsingPOST_3
07-03-2022 07:46:34.784 [restartedMain] INFO  s.d.s.w.r.o.CachingOperationNameGenerator.startingWith - Generating unique operation named: updateUsingPUT_3
07-03-2022 07:46:34.795 [restartedMain] INFO  s.d.s.w.r.o.CachingOperationNameGenerator.startingWith - Generating unique operation named: deleteEmployeeUsingDELETE_1
07-03-2022 07:46:34.823 [restartedMain] INFO  s.d.s.w.r.o.CachingOperationNameGenerator.startingWith - Generating unique operation named: deleteEmployeeUsingDELETE_2
07-03-2022 07:46:34.858 [restartedMain] INFO  s.d.s.w.r.o.CachingOperationNameGenerator.startingWith - Generating unique operation named: deleteEmployeeUsingDELETE_3
07-03-2022 07:46:34.875 [restartedMain] INFO  s.d.s.w.r.o.CachingOperationNameGenerator.startingWith - Generating unique operation named: deleteUsingDELETE_4
07-03-2022 07:46:34.885 [restartedMain] INFO  s.d.s.w.r.o.CachingOperationNameGenerator.startingWith - Generating unique operation named: findAllUsingGET_4
07-03-2022 07:46:34.900 [restartedMain] INFO  s.d.s.w.r.o.CachingOperationNameGenerator.startingWith - Generating unique operation named: findByIdUsingGET_4
07-03-2022 07:46:34.908 [restartedMain] INFO  s.d.s.w.r.o.CachingOperationNameGenerator.startingWith - Generating unique operation named: saveUsingPOST_4
07-03-2022 07:46:34.914 [restartedMain] INFO  s.d.s.w.r.o.CachingOperationNameGenerator.startingWith - Generating unique operation named: updateUsingPUT_4
07-03-2022 07:46:34.916 [restartedMain] INFO  s.d.s.w.r.o.CachingOperationNameGenerator.startingWith - Generating unique operation named: deleteUsingDELETE_5
07-03-2022 07:46:34.928 [restartedMain] INFO  s.d.s.w.r.o.CachingOperationNameGenerator.startingWith - Generating unique operation named: findAllUsingGET_5
07-03-2022 07:46:34.948 [restartedMain] INFO  s.d.s.w.r.o.CachingOperationNameGenerator.startingWith - Generating unique operation named: findByIdUsingGET_5
07-03-2022 07:46:34.959 [restartedMain] INFO  s.d.s.w.r.o.CachingOperationNameGenerator.startingWith - Generating unique operation named: saveUsingPOST_5
07-03-2022 07:46:34.963 [restartedMain] INFO  s.d.s.w.r.o.CachingOperationNameGenerator.startingWith - Generating unique operation named: updateUsingPUT_5
07-03-2022 07:46:34.973 [restartedMain] INFO  s.d.s.w.r.o.CachingOperationNameGenerator.startingWith - Generating unique operation named: deleteEmployeeUsingDELETE_4
07-03-2022 07:46:34.985 [restartedMain] INFO  s.d.s.w.r.o.CachingOperationNameGenerator.startingWith - Generating unique operation named: deleteEmployeeUsingDELETE_5
07-03-2022 07:46:34.995 [restartedMain] INFO  s.d.s.w.r.o.CachingOperationNameGenerator.startingWith - Generating unique operation named: deleteUsingDELETE_6
07-03-2022 07:46:35.008 [restartedMain] INFO  s.d.s.w.r.o.CachingOperationNameGenerator.startingWith - Generating unique operation named: findAllUsingGET_6
07-03-2022 07:46:35.021 [restartedMain] INFO  s.d.s.w.r.o.CachingOperationNameGenerator.startingWith - Generating unique operation named: findByIdUsingGET_6
07-03-2022 07:46:35.052 [restartedMain] INFO  s.d.s.w.r.o.CachingOperationNameGenerator.startingWith - Generating unique operation named: saveUsingPOST_6
07-03-2022 07:46:35.054 [restartedMain] INFO  s.d.s.w.r.o.CachingOperationNameGenerator.startingWith - Generating unique operation named: deleteUsingDELETE_7
07-03-2022 07:46:35.069 [restartedMain] INFO  s.d.s.w.r.o.CachingOperationNameGenerator.startingWith - Generating unique operation named: findAllUsingGET_7
07-03-2022 07:46:35.088 [restartedMain] INFO  s.d.s.w.r.o.CachingOperationNameGenerator.startingWith - Generating unique operation named: findByIdUsingGET_7
07-03-2022 07:46:35.106 [restartedMain] INFO  s.d.s.w.r.o.CachingOperationNameGenerator.startingWith - Generating unique operation named: saveUsingPOST_7
07-03-2022 07:46:35.113 [restartedMain] INFO  s.d.s.w.r.o.CachingOperationNameGenerator.startingWith - Generating unique operation named: updateUsingPUT_6
07-03-2022 07:46:35.115 [restartedMain] INFO  s.d.s.w.r.o.CachingOperationNameGenerator.startingWith - Generating unique operation named: deleteUsingDELETE_8
07-03-2022 07:46:35.125 [restartedMain] INFO  s.d.s.w.r.o.CachingOperationNameGenerator.startingWith - Generating unique operation named: findAllUsingGET_8
07-03-2022 07:46:35.139 [restartedMain] INFO  s.d.s.w.r.o.CachingOperationNameGenerator.startingWith - Generating unique operation named: findByIdUsingGET_8
07-03-2022 07:46:35.148 [restartedMain] INFO  s.d.s.w.r.o.CachingOperationNameGenerator.startingWith - Generating unique operation named: saveUsingPOST_8
07-03-2022 07:46:35.159 [restartedMain] INFO  s.d.s.w.r.o.CachingOperationNameGenerator.startingWith - Generating unique operation named: updateUsingPUT_7
07-03-2022 07:46:35.196 [restartedMain] INFO  s.d.s.w.r.o.CachingOperationNameGenerator.startingWith - Generating unique operation named: deleteUsingDELETE_9
07-03-2022 07:46:35.208 [restartedMain] INFO  s.d.s.w.r.o.CachingOperationNameGenerator.startingWith - Generating unique operation named: findAllUsingGET_9
07-03-2022 07:46:35.228 [restartedMain] INFO  s.d.s.w.r.o.CachingOperationNameGenerator.startingWith - Generating unique operation named: findByIdUsingGET_9
07-03-2022 07:46:35.287 [restartedMain] INFO  s.d.s.w.r.o.CachingOperationNameGenerator.startingWith - Generating unique operation named: saveUsingPOST_9
07-03-2022 07:46:35.361 [restartedMain] INFO  s.d.s.w.r.o.CachingOperationNameGenerator.startingWith - Generating unique operation named: deleteEmployeeUsingDELETE_6
07-03-2022 07:46:35.380 [restartedMain] INFO  s.d.s.w.r.o.CachingOperationNameGenerator.startingWith - Generating unique operation named: deleteUsingDELETE_10
07-03-2022 07:46:35.382 [restartedMain] INFO  s.d.s.w.r.o.CachingOperationNameGenerator.startingWith - Generating unique operation named: findAllUsingGET_10
07-03-2022 07:46:35.387 [restartedMain] INFO  s.d.s.w.r.o.CachingOperationNameGenerator.startingWith - Generating unique operation named: findByIdUsingGET_10
07-03-2022 07:46:35.389 [restartedMain] INFO  s.d.s.w.r.o.CachingOperationNameGenerator.startingWith - Generating unique operation named: saveUsingPOST_10
07-03-2022 07:46:35.399 [restartedMain] INFO  s.d.s.w.r.o.CachingOperationNameGenerator.startingWith - Generating unique operation named: deleteUsingDELETE_11
07-03-2022 07:46:35.404 [restartedMain] INFO  s.d.s.w.r.o.CachingOperationNameGenerator.startingWith - Generating unique operation named: findAllUsingGET_11
07-03-2022 07:46:35.423 [restartedMain] INFO  s.d.s.w.r.o.CachingOperationNameGenerator.startingWith - Generating unique operation named: findByIdUsingGET_11
07-03-2022 07:46:35.432 [restartedMain] INFO  s.d.s.w.r.o.CachingOperationNameGenerator.startingWith - Generating unique operation named: saveUsingPOST_11
07-03-2022 07:46:35.435 [restartedMain] INFO  s.d.s.w.r.o.CachingOperationNameGenerator.startingWith - Generating unique operation named: deleteUsingDELETE_12
07-03-2022 07:46:35.440 [restartedMain] INFO  s.d.s.w.r.o.CachingOperationNameGenerator.startingWith - Generating unique operation named: findAllUsingGET_12
07-03-2022 07:46:35.445 [restartedMain] INFO  s.d.s.w.r.o.CachingOperationNameGenerator.startingWith - Generating unique operation named: findByIdUsingGET_12
07-03-2022 07:46:35.449 [restartedMain] INFO  s.d.s.w.r.o.CachingOperationNameGenerator.startingWith - Generating unique operation named: saveUsingPOST_12
07-03-2022 07:46:35.452 [restartedMain] INFO  s.d.s.w.r.o.CachingOperationNameGenerator.startingWith - Generating unique operation named: deleteUsingDELETE_13
07-03-2022 07:46:35.462 [restartedMain] INFO  s.d.s.w.r.o.CachingOperationNameGenerator.startingWith - Generating unique operation named: findAllUsingGET_13
07-03-2022 07:46:35.475 [restartedMain] INFO  s.d.s.w.r.o.CachingOperationNameGenerator.startingWith - Generating unique operation named: findByIdUsingGET_13
07-03-2022 07:46:35.536 [restartedMain] INFO  s.d.s.w.r.o.CachingOperationNameGenerator.startingWith - Generating unique operation named: saveUsingPOST_13
07-03-2022 07:46:35.540 [restartedMain] INFO  s.d.s.w.r.o.CachingOperationNameGenerator.startingWith - Generating unique operation named: deleteUsingDELETE_14
07-03-2022 07:46:35.543 [restartedMain] INFO  s.d.s.w.r.o.CachingOperationNameGenerator.startingWith - Generating unique operation named: findAllUsingGET_14
07-03-2022 07:46:35.557 [restartedMain] INFO  s.d.s.w.r.o.CachingOperationNameGenerator.startingWith - Generating unique operation named: findByIdUsingGET_14
07-03-2022 07:46:35.636 [restartedMain] INFO  s.d.s.w.r.o.CachingOperationNameGenerator.startingWith - Generating unique operation named: saveUsingPOST_14
07-03-2022 07:46:35.639 [restartedMain] INFO  s.d.s.w.r.o.CachingOperationNameGenerator.startingWith - Generating unique operation named: deleteUsingDELETE_15
07-03-2022 07:46:35.652 [restartedMain] INFO  s.d.s.w.r.o.CachingOperationNameGenerator.startingWith - Generating unique operation named: findAllUsingGET_15
07-03-2022 07:46:35.663 [restartedMain] INFO  s.d.s.w.r.o.CachingOperationNameGenerator.startingWith - Generating unique operation named: findByIdUsingGET_15
07-03-2022 07:46:35.678 [restartedMain] INFO  s.d.s.w.r.o.CachingOperationNameGenerator.startingWith - Generating unique operation named: saveUsingPOST_15
07-03-2022 07:46:35.682 [restartedMain] INFO  s.d.s.w.r.o.CachingOperationNameGenerator.startingWith - Generating unique operation named: deleteUsingDELETE_16
07-03-2022 07:46:35.693 [restartedMain] INFO  s.d.s.w.r.o.CachingOperationNameGenerator.startingWith - Generating unique operation named: findAllUsingGET_16
07-03-2022 07:46:35.705 [restartedMain] INFO  s.d.s.w.r.o.CachingOperationNameGenerator.startingWith - Generating unique operation named: findByIdUsingGET_16
07-03-2022 07:46:35.716 [restartedMain] INFO  s.d.s.w.r.o.CachingOperationNameGenerator.startingWith - Generating unique operation named: saveUsingPOST_16
07-03-2022 07:46:35.720 [restartedMain] INFO  s.d.s.w.r.o.CachingOperationNameGenerator.startingWith - Generating unique operation named: updateUsingPUT_8
07-03-2022 07:46:35.833 [restartedMain] INFO  s.d.s.w.r.o.CachingOperationNameGenerator.startingWith - Generating unique operation named: deleteUsingDELETE_17
07-03-2022 07:46:35.836 [restartedMain] INFO  s.d.s.w.r.o.CachingOperationNameGenerator.startingWith - Generating unique operation named: findAllUsingGET_17
07-03-2022 07:46:35.840 [restartedMain] INFO  s.d.s.w.r.o.CachingOperationNameGenerator.startingWith - Generating unique operation named: findByIdUsingGET_17
07-03-2022 07:46:35.843 [restartedMain] INFO  s.d.s.w.r.o.CachingOperationNameGenerator.startingWith - Generating unique operation named: saveUsingPOST_17
07-03-2022 07:46:35.846 [restartedMain] INFO  s.d.s.w.r.o.CachingOperationNameGenerator.startingWith - Generating unique operation named: updateUsingPUT_9
07-03-2022 07:46:35.848 [restartedMain] INFO  s.d.s.w.r.o.CachingOperationNameGenerator.startingWith - Generating unique operation named: deleteUsingDELETE_18
07-03-2022 07:46:35.858 [restartedMain] INFO  s.d.s.w.r.o.CachingOperationNameGenerator.startingWith - Generating unique operation named: findAllUsingGET_18
07-03-2022 07:46:35.868 [restartedMain] INFO  s.d.s.w.r.o.CachingOperationNameGenerator.startingWith - Generating unique operation named: findByIdUsingGET_18
07-03-2022 07:46:35.879 [restartedMain] INFO  s.d.s.w.r.o.CachingOperationNameGenerator.startingWith - Generating unique operation named: saveUsingPOST_18
07-03-2022 07:46:35.882 [restartedMain] INFO  s.d.s.w.r.o.CachingOperationNameGenerator.startingWith - Generating unique operation named: updateUsingPUT_10
07-03-2022 07:46:35.884 [restartedMain] INFO  s.d.s.w.r.o.CachingOperationNameGenerator.startingWith - Generating unique operation named: deleteUsingDELETE_19
07-03-2022 07:46:35.894 [restartedMain] INFO  s.d.s.w.r.o.CachingOperationNameGenerator.startingWith - Generating unique operation named: findAllUsingGET_19
07-03-2022 07:46:35.905 [restartedMain] INFO  s.d.s.w.r.o.CachingOperationNameGenerator.startingWith - Generating unique operation named: findByIdUsingGET_19
07-03-2022 07:46:35.917 [restartedMain] INFO  s.d.s.w.r.o.CachingOperationNameGenerator.startingWith - Generating unique operation named: saveUsingPOST_19
07-03-2022 07:46:35.922 [restartedMain] INFO  s.d.s.w.r.o.CachingOperationNameGenerator.startingWith - Generating unique operation named: updateUsingPUT_11
07-03-2022 07:46:35.925 [restartedMain] INFO  s.d.s.w.r.o.CachingOperationNameGenerator.startingWith - Generating unique operation named: deleteUsingDELETE_20
07-03-2022 07:46:35.928 [restartedMain] INFO  s.d.s.w.r.o.CachingOperationNameGenerator.startingWith - Generating unique operation named: findAllUsingGET_20
07-03-2022 07:46:35.930 [restartedMain] INFO  s.d.s.w.r.o.CachingOperationNameGenerator.startingWith - Generating unique operation named: findByIdUsingGET_20
07-03-2022 07:46:35.934 [restartedMain] INFO  s.d.s.w.r.o.CachingOperationNameGenerator.startingWith - Generating unique operation named: saveUsingPOST_20
07-03-2022 07:46:35.939 [restartedMain] INFO  s.d.s.w.r.o.CachingOperationNameGenerator.startingWith - Generating unique operation named: updateUsingPUT_12
07-03-2022 07:46:35.989 [restartedMain] INFO  s.d.s.w.r.o.CachingOperationNameGenerator.startingWith - Generating unique operation named: findAllUsingGET_21
07-03-2022 07:46:35.994 [restartedMain] INFO  s.d.s.w.r.o.CachingOperationNameGenerator.startingWith - Generating unique operation named: findByIdUsingGET_21
07-03-2022 07:46:35.999 [restartedMain] INFO  s.d.s.w.r.o.CachingOperationNameGenerator.startingWith - Generating unique operation named: saveUsingPOST_21
07-03-2022 07:46:36.002 [restartedMain] INFO  s.d.s.w.r.o.CachingOperationNameGenerator.startingWith - Generating unique operation named: updateUsingPUT_13
07-03-2022 07:46:36.023 [restartedMain] INFO  fdsa.edu.pnu.PnuApplication.logStarted - Started PnuApplication in 19.844 seconds (JVM running for 20.707)
07-03-2022 11:25:37.587 [SpringApplicationShutdownHook] INFO  o.s.o.j.LocalContainerEntityManagerFactoryBean.destroy - Closing JPA EntityManagerFactory for persistence unit 'default'
07-03-2022 11:25:37.798 [SpringApplicationShutdownHook] INFO  com.zaxxer.hikari.HikariDataSource.close - HikariPool-1 - Shutdown initiated...
07-03-2022 11:25:37.873 [SpringApplicationShutdownHook] INFO  com.zaxxer.hikari.HikariDataSource.close - HikariPool-1 - Shutdown completed.
07-03-2022 11:26:06.285 [restartedMain] INFO  fdsa.edu.pnu.PnuApplication.logStarting - Starting PnuApplication using Java 16.0.2 on M638 with PID 21560 (C:\Users\gbijou\Desktop\pnu\pnufdsalast\target\classes started by gbijou in C:\Users\gbijou\Desktop\pnu\pnufdsalast)
07-03-2022 11:26:06.292 [restartedMain] INFO  fdsa.edu.pnu.PnuApplication.logStartupProfileInfo - No active profile set, falling back to default profiles: default
07-03-2022 11:26:06.426 [restartedMain] INFO  o.s.b.d.e.DevToolsPropertyDefaultsPostProcessor.logTo - Devtools property defaults active! Set 'spring.devtools.add-properties' to 'false' to disable
07-03-2022 11:26:06.427 [restartedMain] INFO  o.s.b.d.e.DevToolsPropertyDefaultsPostProcessor.logTo - For additional web related logging consider setting the 'logging.level.web' property to 'DEBUG'
07-03-2022 11:26:09.095 [restartedMain] INFO  o.s.d.r.c.RepositoryConfigurationDelegate.registerRepositoriesIn - Bootstrapping Spring Data JPA repositories in DEFAULT mode.
07-03-2022 11:26:09.648 [restartedMain] INFO  o.s.d.r.c.RepositoryConfigurationDelegate.registerRepositoriesIn - Finished Spring Data repository scanning in 537 ms. Found 39 JPA repository interfaces.
07-03-2022 11:26:10.487 [restartedMain] INFO  o.s.c.s.PostProcessorRegistrationDelegate$BeanPostProcessorChecker.postProcessAfterInitialization - Bean 'org.springframework.security.access.expression.method.DefaultMethodSecurityExpressionHandler@33b2d927' of type [org.springframework.security.access.expression.method.DefaultMethodSecurityExpressionHandler] is not eligible for getting processed by all BeanPostProcessors (for example: not eligible for auto-proxying)
07-03-2022 11:26:10.502 [restartedMain] INFO  o.s.c.s.PostProcessorRegistrationDelegate$BeanPostProcessorChecker.postProcessAfterInitialization - Bean 'methodSecurityMetadataSource' of type [org.springframework.security.access.method.DelegatingMethodSecurityMetadataSource] is not eligible for getting processed by all BeanPostProcessors (for example: not eligible for auto-proxying)
07-03-2022 11:26:11.404 [restartedMain] INFO  o.s.b.w.e.tomcat.TomcatWebServer.initialize - Tomcat initialized with port(s): 8080 (http)
07-03-2022 11:26:11.431 [restartedMain] INFO  o.a.catalina.core.StandardService.log - Starting service [Tomcat]
07-03-2022 11:26:11.432 [restartedMain] INFO  o.a.catalina.core.StandardEngine.log - Starting Servlet engine: [Apache Tomcat/9.0.53]
07-03-2022 11:26:11.663 [restartedMain] INFO  o.a.c.c.C.[Tomcat].[localhost].[/].log - Initializing Spring embedded WebApplicationContext
07-03-2022 11:26:11.664 [restartedMain] INFO  o.s.b.w.s.c.ServletWebServerApplicationContext.prepareWebApplicationContext - Root WebApplicationContext: initialization completed in 5235 ms
07-03-2022 11:26:12.311 [restartedMain] INFO  o.h.jpa.internal.util.LogHelper.logPersistenceUnitInformation - HHH000204: Processing PersistenceUnitInfo [name: default]
07-03-2022 11:26:12.457 [restartedMain] INFO  org.hibernate.Version.logVersion - HHH000412: Hibernate ORM core version 5.4.32.Final
07-03-2022 11:26:12.797 [restartedMain] INFO  o.h.annotations.common.Version.<clinit> - HCANN000001: Hibernate Commons Annotations {5.1.2.Final}
07-03-2022 11:26:13.030 [restartedMain] INFO  com.zaxxer.hikari.HikariDataSource.getConnection - HikariPool-1 - Starting...
07-03-2022 11:26:14.848 [restartedMain] INFO  com.zaxxer.hikari.HikariDataSource.getConnection - HikariPool-1 - Start completed.
07-03-2022 11:26:14.940 [restartedMain] INFO  org.hibernate.dialect.Dialect.<init> - HHH000400: Using dialect: org.hibernate.dialect.SQLServer2012Dialect
07-03-2022 11:26:35.621 [restartedMain] INFO  o.h.e.t.j.p.i.JtaPlatformInitiator.initiateService - HHH000490: Using JtaPlatform implementation: [org.hibernate.engine.transaction.jta.platform.internal.NoJtaPlatform]
07-03-2022 11:26:35.682 [restartedMain] INFO  o.s.o.j.LocalContainerEntityManagerFactoryBean.buildNativeEntityManagerFactory - Initialized JPA EntityManagerFactory for persistence unit 'default'
07-03-2022 11:26:36.817 [restartedMain] WARN  o.s.b.a.o.j.JpaBaseConfiguration$JpaWebConfiguration.openEntityManagerInViewInterceptor - spring.jpa.open-in-view is enabled by default. Therefore, database queries may be performed during view rendering. Explicitly configure spring.jpa.open-in-view to disable this warning
07-03-2022 11:26:39.753 [restartedMain] INFO  s.d.s.w.PropertySourcedRequestMappingHandlerMapping.initHandlerMethods - Mapped URL path [/v2/api-docs] onto method [springfox.documentation.swagger2.web.Swagger2Controller#getDocumentation(String, HttpServletRequest)]
07-03-2022 11:26:40.144 [restartedMain] INFO  o.s.s.web.DefaultSecurityFilterChain.<init> - Will secure any request with [org.springframework.security.web.context.request.async.WebAsyncManagerIntegrationFilter@3d2cd694, org.springframework.security.web.context.SecurityContextPersistenceFilter@4201db51, org.springframework.security.web.header.HeaderWriterFilter@1844f6ea, org.springframework.web.filter.CorsFilter@79d5bacb, org.springframework.security.web.authentication.logout.LogoutFilter@3bca10c0, fdsa.edu.pnu.Security.JwtRequestFilter@34cbb317, org.springframework.security.web.savedrequest.RequestCacheAwareFilter@dc412c, org.springframework.security.web.servletapi.SecurityContextHolderAwareRequestFilter@62ef011a, org.springframework.security.web.authentication.AnonymousAuthenticationFilter@23d34427, org.springframework.security.web.session.SessionManagementFilter@37c2670b, org.springframework.security.web.access.ExceptionTranslationFilter@6dd6532f, org.springframework.security.web.access.intercept.FilterSecurityInterceptor@40fec72a]
07-03-2022 11:26:40.308 [restartedMain] INFO  o.s.b.d.a.OptionalLiveReloadServer.startServer - LiveReload server is running on port 35729
07-03-2022 11:26:40.691 [restartedMain] INFO  o.s.b.w.e.tomcat.TomcatWebServer.start - Tomcat started on port(s): 8080 (http) with context path ''
07-03-2022 11:26:40.692 [restartedMain] INFO  s.d.s.w.p.DocumentationPluginsBootstrapper.start - Context refreshed
07-03-2022 11:26:40.726 [restartedMain] INFO  s.d.s.w.p.DocumentationPluginsBootstrapper.start - Found 1 custom documentation plugin(s)
07-03-2022 11:26:40.786 [restartedMain] INFO  s.d.s.w.s.ApiListingReferenceScanner.scan - Scanning for api listing references
07-03-2022 11:26:41.532 [restartedMain] INFO  s.d.s.w.r.o.CachingOperationNameGenerator.startingWith - Generating unique operation named: deleteUsingDELETE_1
07-03-2022 11:26:41.548 [restartedMain] INFO  s.d.s.w.r.o.CachingOperationNameGenerator.startingWith - Generating unique operation named: findAllUsingGET_1
07-03-2022 11:26:41.604 [restartedMain] INFO  s.d.s.w.r.o.CachingOperationNameGenerator.startingWith - Generating unique operation named: findByIdUsingGET_1
07-03-2022 11:26:41.727 [restartedMain] INFO  s.d.s.w.r.o.CachingOperationNameGenerator.startingWith - Generating unique operation named: saveUsingPOST_1
07-03-2022 11:26:41.736 [restartedMain] INFO  s.d.s.w.r.o.CachingOperationNameGenerator.startingWith - Generating unique operation named: updateUsingPUT_1
07-03-2022 11:26:41.741 [restartedMain] INFO  s.d.s.w.r.o.CachingOperationNameGenerator.startingWith - Generating unique operation named: deleteUsingDELETE_2
07-03-2022 11:26:41.759 [restartedMain] INFO  s.d.s.w.r.o.CachingOperationNameGenerator.startingWith - Generating unique operation named: findAllUsingGET_2
07-03-2022 11:26:41.795 [restartedMain] INFO  s.d.s.w.r.o.CachingOperationNameGenerator.startingWith - Generating unique operation named: findByIdUsingGET_2
07-03-2022 11:26:41.815 [restartedMain] INFO  s.d.s.w.r.o.CachingOperationNameGenerator.startingWith - Generating unique operation named: saveUsingPOST_2
07-03-2022 11:26:41.824 [restartedMain] INFO  s.d.s.w.r.o.CachingOperationNameGenerator.startingWith - Generating unique operation named: updateUsingPUT_2
07-03-2022 11:26:41.829 [restartedMain] INFO  s.d.s.w.r.o.CachingOperationNameGenerator.startingWith - Generating unique operation named: deleteUsingDELETE_3
07-03-2022 11:26:41.849 [restartedMain] INFO  s.d.s.w.r.o.CachingOperationNameGenerator.startingWith - Generating unique operation named: findAllUsingGET_3
07-03-2022 11:26:41.870 [restartedMain] INFO  s.d.s.w.r.o.CachingOperationNameGenerator.startingWith - Generating unique operation named: findByIdUsingGET_3
07-03-2022 11:26:41.892 [restartedMain] INFO  s.d.s.w.r.o.CachingOperationNameGenerator.startingWith - Generating unique operation named: saveUsingPOST_3
07-03-2022 11:26:41.900 [restartedMain] INFO  s.d.s.w.r.o.CachingOperationNameGenerator.startingWith - Generating unique operation named: updateUsingPUT_3
07-03-2022 11:26:41.910 [restartedMain] INFO  s.d.s.w.r.o.CachingOperationNameGenerator.startingWith - Generating unique operation named: deleteEmployeeUsingDELETE_1
07-03-2022 11:26:41.930 [restartedMain] INFO  s.d.s.w.r.o.CachingOperationNameGenerator.startingWith - Generating unique operation named: deleteEmployeeUsingDELETE_2
07-03-2022 11:26:41.979 [restartedMain] INFO  s.d.s.w.r.o.CachingOperationNameGenerator.startingWith - Generating unique operation named: deleteEmployeeUsingDELETE_3
07-03-2022 11:26:42.020 [restartedMain] INFO  s.d.s.w.r.o.CachingOperationNameGenerator.startingWith - Generating unique operation named: deleteUsingDELETE_4
07-03-2022 11:26:42.044 [restartedMain] INFO  s.d.s.w.r.o.CachingOperationNameGenerator.startingWith - Generating unique operation named: findAllUsingGET_4
07-03-2022 11:26:42.088 [restartedMain] INFO  s.d.s.w.r.o.CachingOperationNameGenerator.startingWith - Generating unique operation named: findByIdUsingGET_4
07-03-2022 11:26:42.107 [restartedMain] INFO  s.d.s.w.r.o.CachingOperationNameGenerator.startingWith - Generating unique operation named: saveUsingPOST_4
07-03-2022 11:26:42.115 [restartedMain] INFO  s.d.s.w.r.o.CachingOperationNameGenerator.startingWith - Generating unique operation named: updateUsingPUT_4
07-03-2022 11:26:42.123 [restartedMain] INFO  s.d.s.w.r.o.CachingOperationNameGenerator.startingWith - Generating unique operation named: deleteUsingDELETE_5
07-03-2022 11:26:42.147 [restartedMain] INFO  s.d.s.w.r.o.CachingOperationNameGenerator.startingWith - Generating unique operation named: findAllUsingGET_5
07-03-2022 11:26:42.193 [restartedMain] INFO  s.d.s.w.r.o.CachingOperationNameGenerator.startingWith - Generating unique operation named: findByIdUsingGET_5
07-03-2022 11:26:42.223 [restartedMain] INFO  s.d.s.w.r.o.CachingOperationNameGenerator.startingWith - Generating unique operation named: saveUsingPOST_5
07-03-2022 11:26:42.233 [restartedMain] INFO  s.d.s.w.r.o.CachingOperationNameGenerator.startingWith - Generating unique operation named: updateUsingPUT_5
07-03-2022 11:26:42.253 [restartedMain] INFO  s.d.s.w.r.o.CachingOperationNameGenerator.startingWith - Generating unique operation named: deleteEmployeeUsingDELETE_4
07-03-2022 11:26:42.273 [restartedMain] INFO  s.d.s.w.r.o.CachingOperationNameGenerator.startingWith - Generating unique operation named: deleteEmployeeUsingDELETE_5
07-03-2022 11:26:42.291 [restartedMain] INFO  s.d.s.w.r.o.CachingOperationNameGenerator.startingWith - Generating unique operation named: deleteUsingDELETE_6
07-03-2022 11:26:42.308 [restartedMain] INFO  s.d.s.w.r.o.CachingOperationNameGenerator.startingWith - Generating unique operation named: findAllUsingGET_6
07-03-2022 11:26:42.326 [restartedMain] INFO  s.d.s.w.r.o.CachingOperationNameGenerator.startingWith - Generating unique operation named: findByIdUsingGET_6
07-03-2022 11:26:42.385 [restartedMain] INFO  s.d.s.w.r.o.CachingOperationNameGenerator.startingWith - Generating unique operation named: saveUsingPOST_6
07-03-2022 11:26:42.390 [restartedMain] INFO  s.d.s.w.r.o.CachingOperationNameGenerator.startingWith - Generating unique operation named: deleteUsingDELETE_7
07-03-2022 11:26:42.430 [restartedMain] INFO  s.d.s.w.r.o.CachingOperationNameGenerator.startingWith - Generating unique operation named: findAllUsingGET_7
07-03-2022 11:26:42.471 [restartedMain] INFO  s.d.s.w.r.o.CachingOperationNameGenerator.startingWith - Generating unique operation named: findByIdUsingGET_7
07-03-2022 11:26:42.536 [restartedMain] INFO  s.d.s.w.r.o.CachingOperationNameGenerator.startingWith - Generating unique operation named: saveUsingPOST_7
07-03-2022 11:26:42.544 [restartedMain] INFO  s.d.s.w.r.o.CachingOperationNameGenerator.startingWith - Generating unique operation named: updateUsingPUT_6
07-03-2022 11:26:42.548 [restartedMain] INFO  s.d.s.w.r.o.CachingOperationNameGenerator.startingWith - Generating unique operation named: deleteUsingDELETE_8
07-03-2022 11:26:42.574 [restartedMain] INFO  s.d.s.w.r.o.CachingOperationNameGenerator.startingWith - Generating unique operation named: findAllUsingGET_8
07-03-2022 11:26:42.620 [restartedMain] INFO  s.d.s.w.r.o.CachingOperationNameGenerator.startingWith - Generating unique operation named: findByIdUsingGET_8
07-03-2022 11:26:42.645 [restartedMain] INFO  s.d.s.w.r.o.CachingOperationNameGenerator.startingWith - Generating unique operation named: saveUsingPOST_8
07-03-2022 11:26:42.683 [restartedMain] INFO  s.d.s.w.r.o.CachingOperationNameGenerator.startingWith - Generating unique operation named: updateUsingPUT_7
07-03-2022 11:26:42.791 [restartedMain] INFO  s.d.s.w.r.o.CachingOperationNameGenerator.startingWith - Generating unique operation named: deleteUsingDELETE_9
07-03-2022 11:26:42.820 [restartedMain] INFO  s.d.s.w.r.o.CachingOperationNameGenerator.startingWith - Generating unique operation named: findAllUsingGET_9
07-03-2022 11:26:42.863 [restartedMain] INFO  s.d.s.w.r.o.CachingOperationNameGenerator.startingWith - Generating unique operation named: findByIdUsingGET_9
07-03-2022 11:26:43.005 [restartedMain] INFO  s.d.s.w.r.o.CachingOperationNameGenerator.startingWith - Generating unique operation named: saveUsingPOST_9
07-03-2022 11:26:43.222 [restartedMain] INFO  s.d.s.w.r.o.CachingOperationNameGenerator.startingWith - Generating unique operation named: deleteEmployeeUsingDELETE_6
07-03-2022 11:26:43.260 [restartedMain] INFO  s.d.s.w.r.o.CachingOperationNameGenerator.startingWith - Generating unique operation named: deleteUsingDELETE_10
07-03-2022 11:26:43.263 [restartedMain] INFO  s.d.s.w.r.o.CachingOperationNameGenerator.startingWith - Generating unique operation named: findAllUsingGET_10
07-03-2022 11:26:43.269 [restartedMain] INFO  s.d.s.w.r.o.CachingOperationNameGenerator.startingWith - Generating unique operation named: findByIdUsingGET_10
07-03-2022 11:26:43.273 [restartedMain] INFO  s.d.s.w.r.o.CachingOperationNameGenerator.startingWith - Generating unique operation named: saveUsingPOST_10
07-03-2022 11:26:43.286 [restartedMain] INFO  s.d.s.w.r.o.CachingOperationNameGenerator.startingWith - Generating unique operation named: deleteUsingDELETE_11
07-03-2022 11:26:43.293 [restartedMain] INFO  s.d.s.w.r.o.CachingOperationNameGenerator.startingWith - Generating unique operation named: findAllUsingGET_11
07-03-2022 11:26:43.323 [restartedMain] INFO  s.d.s.w.r.o.CachingOperationNameGenerator.startingWith - Generating unique operation named: findByIdUsingGET_11
07-03-2022 11:26:43.340 [restartedMain] INFO  s.d.s.w.r.o.CachingOperationNameGenerator.startingWith - Generating unique operation named: saveUsingPOST_11
07-03-2022 11:26:43.344 [restartedMain] INFO  s.d.s.w.r.o.CachingOperationNameGenerator.startingWith - Generating unique operation named: deleteUsingDELETE_12
07-03-2022 11:26:43.351 [restartedMain] INFO  s.d.s.w.r.o.CachingOperationNameGenerator.startingWith - Generating unique operation named: findAllUsingGET_12
07-03-2022 11:26:43.358 [restartedMain] INFO  s.d.s.w.r.o.CachingOperationNameGenerator.startingWith - Generating unique operation named: findByIdUsingGET_12
07-03-2022 11:26:43.366 [restartedMain] INFO  s.d.s.w.r.o.CachingOperationNameGenerator.startingWith - Generating unique operation named: saveUsingPOST_12
07-03-2022 11:26:43.371 [restartedMain] INFO  s.d.s.w.r.o.CachingOperationNameGenerator.startingWith - Generating unique operation named: deleteUsingDELETE_13
07-03-2022 11:26:43.386 [restartedMain] INFO  s.d.s.w.r.o.CachingOperationNameGenerator.startingWith - Generating unique operation named: findAllUsingGET_13
07-03-2022 11:26:43.403 [restartedMain] INFO  s.d.s.w.r.o.CachingOperationNameGenerator.startingWith - Generating unique operation named: findByIdUsingGET_13
07-03-2022 11:26:43.502 [restartedMain] INFO  s.d.s.w.r.o.CachingOperationNameGenerator.startingWith - Generating unique operation named: saveUsingPOST_13
07-03-2022 11:26:43.511 [restartedMain] INFO  s.d.s.w.r.o.CachingOperationNameGenerator.startingWith - Generating unique operation named: deleteUsingDELETE_14
07-03-2022 11:26:43.516 [restartedMain] INFO  s.d.s.w.r.o.CachingOperationNameGenerator.startingWith - Generating unique operation named: findAllUsingGET_14
07-03-2022 11:26:43.536 [restartedMain] INFO  s.d.s.w.r.o.CachingOperationNameGenerator.startingWith - Generating unique operation named: findByIdUsingGET_14
07-03-2022 11:26:43.640 [restartedMain] INFO  s.d.s.w.r.o.CachingOperationNameGenerator.startingWith - Generating unique operation named: saveUsingPOST_14
07-03-2022 11:26:43.644 [restartedMain] INFO  s.d.s.w.r.o.CachingOperationNameGenerator.startingWith - Generating unique operation named: deleteUsingDELETE_15
07-03-2022 11:26:43.660 [restartedMain] INFO  s.d.s.w.r.o.CachingOperationNameGenerator.startingWith - Generating unique operation named: findAllUsingGET_15
07-03-2022 11:26:43.671 [restartedMain] INFO  s.d.s.w.r.o.CachingOperationNameGenerator.startingWith - Generating unique operation named: findByIdUsingGET_15
07-03-2022 11:26:43.690 [restartedMain] INFO  s.d.s.w.r.o.CachingOperationNameGenerator.startingWith - Generating unique operation named: saveUsingPOST_15
07-03-2022 11:26:43.694 [restartedMain] INFO  s.d.s.w.r.o.CachingOperationNameGenerator.startingWith - Generating unique operation named: deleteUsingDELETE_16
07-03-2022 11:26:43.707 [restartedMain] INFO  s.d.s.w.r.o.CachingOperationNameGenerator.startingWith - Generating unique operation named: findAllUsingGET_16
07-03-2022 11:26:43.721 [restartedMain] INFO  s.d.s.w.r.o.CachingOperationNameGenerator.startingWith - Generating unique operation named: findByIdUsingGET_16
07-03-2022 11:26:43.737 [restartedMain] INFO  s.d.s.w.r.o.CachingOperationNameGenerator.startingWith - Generating unique operation named: saveUsingPOST_16
07-03-2022 11:26:43.743 [restartedMain] INFO  s.d.s.w.r.o.CachingOperationNameGenerator.startingWith - Generating unique operation named: updateUsingPUT_8
07-03-2022 11:26:43.898 [restartedMain] INFO  s.d.s.w.r.o.CachingOperationNameGenerator.startingWith - Generating unique operation named: deleteUsingDELETE_17
07-03-2022 11:26:43.901 [restartedMain] INFO  s.d.s.w.r.o.CachingOperationNameGenerator.startingWith - Generating unique operation named: findAllUsingGET_17
07-03-2022 11:26:43.906 [restartedMain] INFO  s.d.s.w.r.o.CachingOperationNameGenerator.startingWith - Generating unique operation named: findByIdUsingGET_17
07-03-2022 11:26:43.909 [restartedMain] INFO  s.d.s.w.r.o.CachingOperationNameGenerator.startingWith - Generating unique operation named: saveUsingPOST_17
07-03-2022 11:26:43.914 [restartedMain] INFO  s.d.s.w.r.o.CachingOperationNameGenerator.startingWith - Generating unique operation named: updateUsingPUT_9
07-03-2022 11:26:43.920 [restartedMain] INFO  s.d.s.w.r.o.CachingOperationNameGenerator.startingWith - Generating unique operation named: deleteUsingDELETE_18
07-03-2022 11:26:43.934 [restartedMain] INFO  s.d.s.w.r.o.CachingOperationNameGenerator.startingWith - Generating unique operation named: findAllUsingGET_18
07-03-2022 11:26:43.953 [restartedMain] INFO  s.d.s.w.r.o.CachingOperationNameGenerator.startingWith - Generating unique operation named: findByIdUsingGET_18
07-03-2022 11:26:43.968 [restartedMain] INFO  s.d.s.w.r.o.CachingOperationNameGenerator.startingWith - Generating unique operation named: saveUsingPOST_18
07-03-2022 11:26:43.976 [restartedMain] INFO  s.d.s.w.r.o.CachingOperationNameGenerator.startingWith - Generating unique operation named: updateUsingPUT_10
07-03-2022 11:26:43.980 [restartedMain] INFO  s.d.s.w.r.o.CachingOperationNameGenerator.startingWith - Generating unique operation named: deleteUsingDELETE_19
07-03-2022 11:26:43.994 [restartedMain] INFO  s.d.s.w.r.o.CachingOperationNameGenerator.startingWith - Generating unique operation named: findAllUsingGET_19
07-03-2022 11:26:44.008 [restartedMain] INFO  s.d.s.w.r.o.CachingOperationNameGenerator.startingWith - Generating unique operation named: findByIdUsingGET_19
07-03-2022 11:26:44.026 [restartedMain] INFO  s.d.s.w.r.o.CachingOperationNameGenerator.startingWith - Generating unique operation named: saveUsingPOST_19
07-03-2022 11:26:44.030 [restartedMain] INFO  s.d.s.w.r.o.CachingOperationNameGenerator.startingWith - Generating unique operation named: updateUsingPUT_11
07-03-2022 11:26:44.034 [restartedMain] INFO  s.d.s.w.r.o.CachingOperationNameGenerator.startingWith - Generating unique operation named: deleteUsingDELETE_20
07-03-2022 11:26:44.039 [restartedMain] INFO  s.d.s.w.r.o.CachingOperationNameGenerator.startingWith - Generating unique operation named: findAllUsingGET_20
07-03-2022 11:26:44.044 [restartedMain] INFO  s.d.s.w.r.o.CachingOperationNameGenerator.startingWith - Generating unique operation named: findByIdUsingGET_20
07-03-2022 11:26:44.049 [restartedMain] INFO  s.d.s.w.r.o.CachingOperationNameGenerator.startingWith - Generating unique operation named: saveUsingPOST_20
07-03-2022 11:26:44.062 [restartedMain] INFO  s.d.s.w.r.o.CachingOperationNameGenerator.startingWith - Generating unique operation named: updateUsingPUT_12
07-03-2022 11:26:44.170 [restartedMain] INFO  s.d.s.w.r.o.CachingOperationNameGenerator.startingWith - Generating unique operation named: findAllUsingGET_21
07-03-2022 11:26:44.177 [restartedMain] INFO  s.d.s.w.r.o.CachingOperationNameGenerator.startingWith - Generating unique operation named: findByIdUsingGET_21
07-03-2022 11:26:44.185 [restartedMain] INFO  s.d.s.w.r.o.CachingOperationNameGenerator.startingWith - Generating unique operation named: saveUsingPOST_21
07-03-2022 11:26:44.189 [restartedMain] INFO  s.d.s.w.r.o.CachingOperationNameGenerator.startingWith - Generating unique operation named: updateUsingPUT_13
07-03-2022 11:26:44.230 [restartedMain] INFO  fdsa.edu.pnu.PnuApplication.logStarted - Started PnuApplication in 38.954 seconds (JVM running for 40.441)
07-03-2022 13:04:32.801 [http-nio-8080-exec-2] INFO  o.a.c.c.C.[Tomcat].[localhost].[/].log - Initializing Spring DispatcherServlet 'dispatcherServlet'
